/home/nina/PycharmProjects/HW/lec_11/task_1/hohoh
/home/nina/PycharmProjects/HW/lec_2/hw1.txt
         623212 function calls (521212 primitive calls) in 1.927 seconds

   Ordered by: internal time

   ncalls  tottime  percall  cumtime  percall filename:lineno(function)
    24062    1.137    0.000    1.137    0.000 {built-in method _hashlib.openssl_sha256}
    24061    0.180    0.000    0.180    0.000 {method 'read' of '_io.BufferedReader' objects}
    24062    0.148    0.000    0.148    0.000 {built-in method io.open}
    24061    0.083    0.000    1.563    0.000 find_file_by_cash.py:7(calc_hash)
109905/9062    0.067    0.000    0.225    0.000 os.py:277(walk)
    42190    0.063    0.000    0.063    0.000 {built-in method builtins.next}
    33145    0.048    0.000    0.078    0.000 posixpath.py:75(join)
        1    0.037    0.037    1.881    1.881 find_file_by_cash.py:13(get_files_by_hash)
     9068    0.029    0.000    0.029    0.000 {built-in method posix.lstat}
     9061    0.028    0.000    0.028    0.000 {built-in method posix.scandir}
    24061    0.016    0.000    0.016    0.000 {method 'hexdigest' of '_hashlib.HASH' objects}
    33147    0.009    0.000    0.015    0.000 posixpath.py:41(_get_sep)
    36863    0.006    0.000    0.006    0.000 {built-in method builtins.isinstance}
     9068    0.006    0.000    0.037    0.000 posixpath.py:168(islink)
    42375    0.006    0.000    0.006    0.000 {built-in method posix.fspath}
       54    0.006    0.000    0.006    0.000 {built-in method marshal.loads}
     71/1    0.005    0.000    1.927    1.927 {built-in method builtins.exec}
    33439    0.005    0.000    0.005    0.000 {method 'startswith' of 'str' objects}
    33252    0.005    0.000    0.005    0.000 {method 'endswith' of 'str' objects}
    33129    0.004    0.000    0.004    0.000 {method 'is_dir' of 'posix.DirEntry' objects}
    36308    0.003    0.000    0.003    0.000 {method 'append' of 'list' objects}
  151/147    0.002    0.000    0.004    0.000 {built-in method builtins.__build_class__}
        5    0.002    0.000    0.002    0.000 {built-in method _imp.create_dynamic}
     9068    0.001    0.000    0.001    0.000 {built-in method _stat.S_ISLNK}
   103/34    0.001    0.000    0.003    0.000 sre_parse.py:470(_parse)
      285    0.001    0.000    0.001    0.000 {built-in method posix.stat}
      141    0.001    0.000    0.004    0.000 <frozen importlib._bootstrap_external>:1233(find_spec)
   207/28    0.001    0.000    0.004    0.000 sre_compile.py:64(_compile)
       54    0.001    0.000    0.001    0.000 <frozen importlib._bootstrap_external>:830(get_data)
      700    0.001    0.000    0.002    0.000 enum.py:803(__and__)
     1572    0.001    0.000    0.001    0.000 enum.py:517(__new__)
     1575    0.001    0.000    0.002    0.000 enum.py:267(__call__)
       54    0.001    0.000    0.001    0.000 {method 'read' of '_io.FileIO' objects}
      742    0.000    0.000    0.001    0.000 <frozen importlib._bootstrap_external>:57(_path_join)
  350/172    0.000    0.000    0.001    0.000 sre_parse.py:173(getwidth)
        8    0.000    0.000    0.001    0.000 enum.py:124(__new__)
      919    0.000    0.000    0.000    0.000 {built-in method builtins.hasattr}
       71    0.000    0.000    0.005    0.000 <frozen importlib._bootstrap>:870(_find_spec)
      131    0.000    0.000    0.000    0.000 {built-in method __new__ of type object at 0x9d12c0}
       54    0.000    0.000    0.001    0.000 <frozen importlib._bootstrap_external>:430(_validate_bytecode_header)
      855    0.000    0.000    0.000    0.000 {built-in method builtins.getattr}
       12    0.000    0.000    0.000    0.000 {built-in method _imp.create_builtin}
      108    0.000    0.000    0.001    0.000 <frozen importlib._bootstrap_external>:263(cache_from_source)
      742    0.000    0.000    0.001    0.000 <frozen importlib._bootstrap_external>:59(<listcomp>)
       54    0.000    0.000    0.009    0.000 <frozen importlib._bootstrap_external>:743(get_code)
      932    0.000    0.000    0.001    0.000 sre_parse.py:163(__getitem__)
       83    0.000    0.000    0.001    0.000 sre_compile.py:250(_optimize_charset)
       15    0.000    0.000    0.007    0.000 __init__.py:357(namedtuple)
     71/2    0.000    0.000    0.043    0.022 <frozen importlib._bootstrap>:966(_find_and_load)
      825    0.000    0.000    0.000    0.000 sre_parse.py:232(__next)
       59    0.000    0.000    0.004    0.000 <frozen importlib._bootstrap_external>:1117(_get_spec)
      110    0.000    0.000    0.000    0.000 <frozen importlib._bootstrap>:157(_get_module_lock)
      211    0.000    0.000    0.000    0.000 {method 'format' of 'str' objects}
     71/2    0.000    0.000    0.043    0.021 <frozen importlib._bootstrap>:651(_load_unlocked)
       71    0.000    0.000    0.001    0.000 <frozen importlib._bootstrap>:504(_init_module_attrs)
      979    0.000    0.000    0.000    0.000 {method 'join' of 'str' objects}
2205/2099    0.000    0.000    0.000    0.000 {built-in method builtins.len}
     1592    0.000    0.000    0.000    0.000 {method 'rstrip' of 'str' objects}
       42    0.000    0.000    0.009    0.000 re.py:286(_compile)
    91/28    0.000    0.000    0.003    0.000 sre_parse.py:407(_parse_sub)
     71/2    0.000    0.000    0.043    0.022 <frozen importlib._bootstrap>:936(_find_and_load_unlocked)
      808    0.000    0.000    0.000    0.000 <frozen importlib._bootstrap>:222(_verbose_message)
      110    0.000    0.000    0.000    0.000 <frozen importlib._bootstrap>:78(acquire)
      110    0.000    0.000    0.000    0.000 <frozen importlib._bootstrap>:103(release)
      673    0.000    0.000    0.000    0.000 sre_parse.py:253(get)
       90    0.000    0.000    0.000    0.000 enum.py:70(__setitem__)
       83    0.000    0.000    0.001    0.000 sre_compile.py:223(_compile_charset)
     54/2    0.000    0.000    0.043    0.021 <frozen importlib._bootstrap_external>:672(exec_module)
       28    0.000    0.000    0.009    0.000 sre_compile.py:557(compile)
        1    0.000    0.000    0.001    0.001 six.py:21(<module>)
       71    0.000    0.000    0.000    0.000 <frozen importlib._bootstrap>:318(__exit__)
       28    0.000    0.000    0.001    0.000 sre_compile.py:482(_compile_info)
       70    0.000    0.000    0.000    0.000 {built-in method posix.getcwd}
       88    0.000    0.000    0.000    0.000 six.py:141(__init__)
       54    0.000    0.000    0.006    0.000 <frozen importlib._bootstrap_external>:485(_compile_bytecode)
       59    0.000    0.000    0.000    0.000 <frozen importlib._bootstrap_external>:524(spec_from_file_location)
      298    0.000    0.000    0.000    0.000 sre_parse.py:285(tell)
   196/97    0.000    0.000    0.023    0.000 <frozen importlib._bootstrap>:997(_handle_fromlist)
      108    0.000    0.000    0.000    0.000 enum.py:353(__setattr__)
        8    0.000    0.000    0.000    0.000 enum.py:160(<setcomp>)
       59    0.000    0.000    0.000    0.000 <frozen importlib._bootstrap_external>:1228(_get_spec)
       28    0.000    0.000    0.004    0.000 sre_parse.py:844(parse)
      520    0.000    0.000    0.000    0.000 {method 'rpartition' of 'str' objects}
      259    0.000    0.000    0.000    0.000 {built-in method builtins.setattr}
      467    0.000    0.000    0.000    0.000 {built-in method builtins.min}
       71    0.000    0.000    0.004    0.000 <frozen importlib._bootstrap>:564(module_from_spec)
      266    0.000    0.000    0.001    0.000 <frozen importlib._bootstrap_external>:75(_path_stat)
       59    0.000    0.000    0.001    0.000 <frozen importlib._bootstrap_external>:361(_get_cached)
      177    0.000    0.000    0.000    0.000 <frozen importlib._bootstrap_external>:1080(_path_importer_cache)
        1    0.000    0.000    0.000    0.000 inspect.py:363(classify_class_attrs)
       85    0.000    0.000    0.000    0.000 enum.py:797(__or__)
      396    0.000    0.000    0.000    0.000 {method 'get' of 'dict' objects}
       95    0.000    0.000    0.000    0.000 sre_compile.py:388(_simple)
      333    0.000    0.000    0.000    0.000 sre_parse.py:159(__len__)
       28    0.000    0.000    0.000    0.000 {built-in method _sre.compile}
       31    0.000    0.000    0.000    0.000 _weakrefset.py:36(__init__)
        1    0.000    0.000    0.041    0.041 core.py:50(<module>)
       71    0.000    0.000    0.000    0.000 <frozen importlib._bootstrap>:58(__init__)
        1    0.000    0.000    0.001    0.001 tokenize.py:21(<module>)
      399    0.000    0.000    0.000    0.000 sre_parse.py:171(append)
        3    0.000    0.000    0.000    0.000 enum.py:625(<listcomp>)
      485    0.000    0.000    0.000    0.000 sre_parse.py:248(match)
      108    0.000    0.000    0.000    0.000 <frozen importlib._bootstrap_external>:63(_path_split)
       10    0.000    0.000    0.000    0.000 abc.py:132(__new__)
       71    0.000    0.000    0.000    0.000 <frozen importlib._bootstrap>:176(cb)
       59    0.000    0.000    0.005    0.000 <frozen importlib._bootstrap_external>:1149(find_spec)
       71    0.000    0.000    0.001    0.000 <frozen importlib._bootstrap>:147(__enter__)
        3    0.000    0.000    0.000    0.000 {built-in method posix.listdir}
       72    0.000    0.000    0.000    0.000 <frozen importlib._bootstrap>:369(__init__)
        1    0.000    0.000    0.001    0.001 random.py:38(<module>)
      113    0.000    0.000    0.001    0.000 <frozen importlib._bootstrap>:403(cached)
       66    0.000    0.000    0.000    0.000 sre_parse.py:342(_escape)
       47    0.000    0.000    0.000    0.000 {built-in method _imp.is_builtin}
      207    0.000    0.000    0.000    0.000 sre_parse.py:111(__init__)
        1    0.000    0.000    0.001    0.001 encoder.py:2(<module>)
      370    0.000    0.000    0.000    0.000 {built-in method _imp.acquire_lock}
        1    0.000    0.000    0.007    0.007 platform.py:10(<module>)
       79    0.000    0.000    0.000    0.000 {built-in method builtins.any}
       68    0.000    0.000    0.000    0.000 <frozen importlib._bootstrap_external>:94(_path_isfile)
       71    0.000    0.000    0.000    0.000 <frozen importlib._bootstrap_external>:85(_path_is_mode_type)
     21/9    0.000    0.000    0.023    0.003 {built-in method builtins.__import__}
    108/2    0.000    0.000    0.043    0.021 <frozen importlib._bootstrap>:211(_call_with_frames_removed)
       54    0.000    0.000    0.000    0.000 <frozen importlib._bootstrap_external>:393(_check_name_wrapper)
       71    0.000    0.000    0.000    0.000 <frozen importlib._bootstrap>:151(__exit__)
        3    0.000    0.000    0.001    0.000 enum.py:366(_create_)
       28    0.000    0.000    0.004    0.000 sre_compile.py:542(_code)
    35/23    0.000    0.000    0.000    0.000 sre_compile.py:414(_get_literal_prefix)
      189    0.000    0.000    0.000    0.000 <frozen importlib._bootstrap>:847(__exit__)
       54    0.000    0.000    0.000    0.000 <frozen importlib._bootstrap>:35(_new_module)
      108    0.000    0.000    0.000    0.000 {built-in method from_bytes}
      221    0.000    0.000    0.000    0.000 {method 'find' of 'bytearray' objects}
      284    0.000    0.000    0.000    0.000 <frozen importlib._bootstrap>:321(<genexpr>)
       73    0.000    0.000    0.000    0.000 <frozen importlib._bootstrap>:416(parent)
        1    0.000    0.000    0.000    0.000 threading.py:203(Condition)
       49    0.000    0.000    0.000    0.000 sre_parse.py:294(_class_escape)
       54    0.000    0.000    0.000    0.000 <frozen importlib._bootstrap_external>:840(path_stats)
       19    0.000    0.000    0.000    0.000 enum.py:419(_get_mixins_)
       48    0.000    0.000    0.000    0.000 sre_parse.py:84(opengroup)
       28    0.000    0.000    0.000    0.000 sre_parse.py:828(fix_flags)
        1    0.000    0.000    0.008    0.008 inspect.py:27(<module>)
       28    0.000    0.000    0.000    0.000 sre_parse.py:223(__init__)
      189    0.000    0.000    0.000    0.000 <frozen importlib._bootstrap>:843(__enter__)
      221    0.000    0.000    0.000    0.000 {built-in method _thread.get_ident}
        1    0.000    0.000    0.004    0.004 shutil.py:5(<module>)
        1    0.000    0.000    0.001    0.001 signal.py:1(<module>)
       90    0.000    0.000    0.000    0.000 enum.py:36(_is_sunder)
        4    0.000    0.000    0.000    0.000 enum.py:839(_decompose)
      108    0.000    0.000    0.000    0.000 <frozen importlib._bootstrap_external>:52(_r_long)
      370    0.000    0.000    0.000    0.000 {built-in method _imp.release_lock}
        1    0.000    0.000    0.000    0.000 opcode.py:37(<listcomp>)
        4    0.000    0.000    0.000    0.000 gettext.py:205(_expand_lang)
       71    0.000    0.000    0.000    0.000 <frozen importlib._bootstrap>:311(__enter__)
       54    0.000    0.000    0.000    0.000 {built-in method _imp._fix_co_filename}
       21    0.000    0.000    0.000    0.000 sre_compile.py:441(_get_charset_prefix)
       34    0.000    0.000    0.000    0.000 argparse.py:1287(register)
        6    0.000    0.000    0.000    0.000 argparse.py:1316(add_argument)
        3    0.000    0.000    0.000    0.000 tokenize.py:137(_all_string_prefixes)
      292    0.000    0.000    0.000    0.000 {method 'add' of 'set' objects}
       44    0.000    0.000    0.000    0.000 inspect.py:91(ismethoddescriptor)
       90    0.000    0.000    0.000    0.000 enum.py:28(_is_dunder)
        8    0.000    0.000    0.000    0.000 enum.py:464(_find_new_)
       10    0.000    0.000    0.000    0.000 sre_compile.py:378(<listcomp>)
        6    0.000    0.000    0.000    0.000 argparse.py:166(__init__)
       10    0.000    0.000    0.000    0.000 sre_compile.py:376(_mk_bitmap)
       71    0.000    0.000    0.000    0.000 <frozen importlib._bootstrap>:707(find_spec)
       39    0.000    0.000    0.000    0.000 <frozen importlib._bootstrap>:194(_lock_unlock_module)
        1    0.000    0.000    0.002    0.002 decoder.py:2(<module>)
        9    0.000    0.000    0.000    0.000 {method 'update' of 'dict' objects}
        7    0.000    0.000    0.000    0.000 {method 'sort' of 'list' objects}
       15    0.000    0.000    0.000    0.000 {built-in method builtins.repr}
      153    0.000    0.000    0.000    0.000 sre_parse.py:81(groups)
      145    0.000    0.000    0.000    0.000 {built-in method _thread.allocate_lock}
        1    0.000    0.000    0.003    0.003 subprocess.py:42(<module>)
        2    0.000    0.000    0.000    0.000 gettext.py:466(find)
       71    0.000    0.000    0.000    0.000 <frozen importlib._bootstrap>:143(__init__)
        4    0.000    0.000    0.000    0.000 enum.py:857(<listcomp>)
        1    0.000    0.000    0.001    0.001 threading.py:1(<module>)
       73    0.000    0.000    0.000    0.000 signal.py:10(<lambda>)
        3    0.000    0.000    0.001    0.000 enum.py:604(_convert)
       71    0.000    0.000    0.000    0.000 <frozen importlib._bootstrap>:307(__init__)
       59    0.000    0.000    0.000    0.000 <frozen importlib._bootstrap>:780(find_spec)
        3    0.000    0.000    0.000    0.000 argparse.py:1235(__init__)
       54    0.000    0.000    0.000    0.000 <frozen importlib._bootstrap_external>:800(__init__)
       12    0.000    0.000    0.000    0.000 <frozen importlib._bootstrap>:433(spec_from_loader)
       40    0.000    0.000    0.000    0.000 {method 'replace' of 'str' objects}
        1    0.000    0.000    0.004    0.004 __init__.py:97(<module>)
       49    0.000    0.000    0.000    0.000 inspect.py:286(isroutine)
       87    0.000    0.000    0.000    0.000 __init__.py:420(<genexpr>)
       12    0.000    0.000    0.000    0.000 <frozen importlib._bootstrap>:736(exec_module)
      108    0.000    0.000    0.000    0.000 {method 'get' of 'mappingproxy' objects}
      296    0.000    0.000    0.000    0.000 {built-in method builtins.ord}
       62    0.000    0.000    0.000    0.000 enum.py:20(_is_descriptor)
        2    0.000    0.000    0.000    0.000 {built-in method builtins.compile}
        1    0.000    0.000    0.001    0.001 argparse.py:62(<module>)
        2    0.000    0.000    0.000    0.000 locale.py:345(_replace_encoding)
       56    0.000    0.000    0.000    0.000 sre_compile.py:539(isstring)
       48    0.000    0.000    0.000    0.000 sre_parse.py:96(closegroup)
        1    0.000    0.000    0.007    0.007 platforms.py:16(<module>)
        1    0.000    0.000    0.001    0.001 docstrings.py:50(<module>)
        1    0.000    0.000    0.006    0.006 tempfile.py:24(<module>)
        1    0.000    0.000    0.000    0.000 <string>:5(Arguments)
        4    0.000    0.000    0.000    0.000 enum.py:767(_create_pseudo_member_)
       28    0.000    0.000    0.000    0.000 sre_parse.py:76(__init__)
       59    0.000    0.000    0.000    0.000 {built-in method _imp.is_frozen}
        1    0.000    0.000    0.001    0.001 selectors.py:5(<module>)
        6    0.000    0.000    0.000    0.000 argparse.py:1453(_get_optional_kwargs)
        1    0.000    0.000    1.883    1.883 core.py:359(_Fire)
        1    0.000    0.000    0.000    0.000 ast.py:26(<module>)
       38    0.000    0.000    0.009    0.000 re.py:231(compile)
        8    0.000    0.000    0.000    0.000 enum.py:114(__prepare__)
        6    0.000    0.000    0.000    0.000 functools.py:44(update_wrapper)
       10    0.000    0.000    0.000    0.000 abc.py:135(<setcomp>)
       12    0.000    0.000    0.000    0.000 <frozen importlib._bootstrap>:232(_requires_builtin_wrapper)
        1    0.000    0.000    0.001    0.001 console_attr.py:87(<module>)
       87    0.000    0.000    0.000    0.000 __init__.py:422(<genexpr>)
       14    0.000    0.000    0.000    0.000 os.py:664(__getitem__)
       74    0.000    0.000    0.000    0.000 types.py:135(__get__)
        1    0.000    0.000    0.000    0.000 opcode.py:5(<module>)
       95    0.000    0.000    0.000    0.000 inspect.py:159(isfunction)
        1    0.000    0.000    0.002    0.002 hashlib.py:54(<module>)
       87    0.000    0.000    0.000    0.000 {method '__contains__' of 'frozenset' objects}
        1    0.000    0.000    0.000    0.000 {built-in method builtins.dir}
      118    0.000    0.000    0.000    0.000 opcode.py:39(def_op)
      141    0.000    0.000    0.000    0.000 <frozen importlib._bootstrap_external>:41(_relax_case)
       51    0.000    0.000    0.000    0.000 six.py:177(_add_module)
        1    0.000    0.000    0.000    0.000 tempfile.py:275(_RandomNameSequence)
        1    0.000    0.000    0.002    0.002 dis.py:1(<module>)
        1    0.000    0.000    0.000    0.000 tokenize.py:448(open)
        3    0.000    0.000    0.000    0.000 <frozen importlib._bootstrap_external>:1067(_path_hooks)
        4    0.000    0.000    0.000    0.000 locale.py:379(normalize)
       95    0.000    0.000    0.000    0.000 sre_parse.py:167(__setitem__)
        3    0.000    0.000    0.000    0.000 <frozen importlib._bootstrap_external>:1281(_fill_cache)
       12    0.000    0.000    0.000    0.000 <frozen importlib._bootstrap>:728(create_module)
      113    0.000    0.000    0.000    0.000 {built-in method builtins.issubclass}
        6    0.000    0.000    0.000    0.000 argparse.py:1373(_add_action)
       44    0.000    0.000    0.000    0.000 six.py:105(__init__)
        1    0.000    0.000    0.000    0.000 lzma.py:9(<module>)
        1    0.000    0.000    0.001    0.001 scanner.py:2(<module>)
       51    0.000    0.000    0.000    0.000 inspect.py:277(isbuiltin)
        5    0.000    0.000    0.002    0.000 <frozen importlib._bootstrap_external>:919(create_module)
        3    0.000    0.000    0.000    0.000 <frozen importlib._bootstrap_external>:1196(__init__)
       40    0.000    0.000    0.000    0.000 {method 'extend' of 'list' objects}
       17    0.000    0.000    0.000    0.000 {method 'match' of '_sre.SRE_Pattern' objects}
        1    0.000    0.000    0.000    0.000 {function Random.seed at 0x7fb3e31a98c8}
        1    0.000    0.000    0.001    0.001 argparse.py:1613(__init__)
        1    0.000    0.000    0.014    0.014 console_io.py:16(<module>)
        1    0.000    0.000    0.000    0.000 termcolor.py:24(<module>)
       24    0.000    0.000    0.000    0.000 tokenize.py:148(<listcomp>)
        1    0.000    0.000    0.000    0.000 token.py:74(<dictcomp>)
        1    0.000    0.000    1.884    1.884 core.py:78(Fire)
       70    0.000    0.000    0.000    0.000 enum.py:594(name)
       26    0.000    0.000    0.000    0.000 enum.py:822(_high_bit)
       76    0.000    0.000    0.000    0.000 {method 'setdefault' of 'dict' objects}
        1    0.000    0.000    0.000    0.000 subprocess.py:562(Popen)
      132    0.000    0.000    0.000    0.000 six.py:88(__init__)
        2    0.000    0.000    0.000    0.000 parser.py:77(_LiteralEval)
        1    0.000    0.000    0.000    0.000 decoder.py:283(__init__)
        1    0.000    0.000    0.000    0.000 linecache.py:82(updatecache)
        1    0.000    0.000    0.000    0.000 inspect.py:1089(getfullargspec)
        1    0.000    0.000    0.000    0.000 inspect.py:2102(_signature_from_function)
        8    0.000    0.000    0.000    0.000 enum.py:65(__init__)
       89    0.000    0.000    0.000    0.000 {method 'isidentifier' of 'str' objects}
        1    0.000    0.000    0.000    0.000 {built-in method math.exp}
        1    0.000    0.000    0.000    0.000 {method 'readlines' of '_io._IOBase' objects}
       75    0.000    0.000    0.000    0.000 signal.py:22(<lambda>)
        1    0.000    0.000    0.000    0.000 helptext.py:30(<module>)
        6    0.000    0.000    0.000    0.000 argparse.py:589(_format_args)
        1    0.000    0.000    0.003    0.003 completion.py:15(<module>)
        1    0.000    0.000    0.002    0.002 bz2.py:5(<module>)
        1    0.000    0.000    1.927    1.927 find_file_by_cash.py:1(<module>)
       14    0.000    0.000    0.000    0.000 hashlib.py:116(__get_openssl_constructor)
        8    0.000    0.000    0.000    0.000 enum.py:135(<dictcomp>)
       18    0.000    0.000    0.000    0.000 genericpath.py:16(exists)
        1    0.000    0.000    0.000    0.000 argparse.py:1749(parse_known_args)
        1    0.000    0.000    0.000    0.000 argparse.py:1784(_parse_known_args)
       34    0.000    0.000    0.000    0.000 enum.py:874(_power_of_two)
       71    0.000    0.000    0.000    0.000 <frozen importlib._bootstrap>:424(has_location)
       17    0.000    0.000    0.000    0.000 {method 'split' of 'str' objects}
        1    0.000    0.000    1.882    1.882 core.py:649(_CallAndUpdateTrace)
       54    0.000    0.000    0.000    0.000 <frozen importlib._bootstrap_external>:825(get_filename)
       35    0.000    0.000    0.000    0.000 {method 'items' of 'mappingproxy' objects}
        1    0.000    0.000    0.009    0.009 files.py:16(<module>)
        2    0.000    0.000    0.000    0.000 argparse.py:1542(__init__)
        1    0.000    0.000    0.000    0.000 threading.py:512(set)
        1    0.000    0.000    0.000    0.000 threading.py:738(Thread)
       54    0.000    0.000    0.000    0.000 <frozen importlib._bootstrap_external>:669(create_module)
       73    0.000    0.000    0.000    0.000 {method 'isupper' of 'str' objects}
       27    0.000    0.000    0.000    0.000 {built-in method builtins.max}
        1    0.000    0.000    0.001    0.001 parser.py:25(CreateParser)
        1    0.000    0.000    0.003    0.003 inspectutils.py:15(<module>)
        1    0.000    0.000    0.000    0.000 traceback.py:1(<module>)
        2    0.000    0.000    0.000    0.000 inspect.py:643(getfile)
       12    0.000    0.000    0.000    0.000 enum.py:181(<genexpr>)
       14    0.000    0.000    0.000    0.000 os.py:742(encode)
       62    0.000    0.000    0.000    0.000 {method 'items' of 'collections.OrderedDict' objects}
       14    0.000    0.000    0.000    0.000 {method 'encode' of 'str' objects}
       44    0.000    0.000    0.000    0.000 {built-in method _sre.getlower}
        1    0.000    0.000    0.000    0.000 console_pager.py:16(<module>)
        1    0.000    0.000    0.000    0.000 console_attr_os.py:16(<module>)
        6    0.000    0.000    0.000    0.000 argparse.py:802(__init__)
        6    0.000    0.000    0.000    0.000 argparse.py:2361(_get_formatter)
        1    0.000    0.000    0.000    0.000 trace.py:26(<module>)
        6    0.000    0.000    0.000    0.000 six.py:126(__init__)
        1    0.000    0.000    0.000    0.000 shlex.py:1(<module>)
        1    0.000    0.000    0.000    0.000 token.py:1(<module>)
        1    0.000    0.000    0.000    0.000 __future__.py:48(<module>)
       91    0.000    0.000    0.000    0.000 inspect.py:81(ismethod)
        1    0.000    0.000    0.001    0.001 inspect.py:760(findsource)
        4    0.000    0.000    0.000    0.000 ast.py:215(walk)
        8    0.000    0.000    0.000    0.000 enum.py:312(__getattr__)
        4    0.000    0.000    0.000    0.000 sre_parse.py:257(getwhile)
       24    0.000    0.000    0.000    0.000 <frozen importlib._bootstrap_external>:1202(<genexpr>)
       10    0.000    0.000    0.000    0.000 {method 'translate' of 'bytearray' objects}
        1    0.000    0.000    0.000    0.000 <string>:5(SelectorKey)
        1    0.000    0.000    0.000    0.000 console_attr.py:211(ConsoleAttr)
        1    0.000    0.000    0.000    0.000 text.py:15(<module>)
        1    0.000    0.000    0.000    0.000 <string>:5(DocstringInfo)
        1    0.000    0.000    0.000    0.000 fnmatch.py:11(<module>)
        1    0.000    0.000    0.000    0.000 <string>:5(_Instruction)
       20    0.000    0.000    0.000    0.000 tokenize.py:112(group)
        1    0.000    0.000    0.000    0.000 <string>:5(FullArgSpec)
        1    0.000    0.000    0.000    0.000 core.py:241(_PrintResult)
        2    0.000    0.000    0.000    0.000 inspect.py:680(getsourcefile)
        1    0.000    0.000    0.000    0.000 inspect.py:2732(__init__)
        8    0.000    0.000    0.000    0.000 hashlib.py:73(__get_builtin_constructor)
        5    0.000    0.000    0.000    0.000 <frozen importlib._bootstrap_external>:927(exec_module)
        3    0.000    0.000    0.000    0.000 <frozen importlib._bootstrap_external>:1322(path_hook_for_FileFinder)
       45    0.000    0.000    0.000    0.000 {method 'items' of 'dict' objects}
       15    0.000    0.000    0.000    0.000 {built-in method sys._getframe}
        1    0.000    0.000    0.000    0.000 platforms.py:164(Architecture)
        1    0.000    0.000    0.000    0.000 <string>:5(uname_result)
        1    0.000    0.000    0.000    0.000 decorators.py:19(<module>)
        1    0.000    0.000    0.001    0.001 parser.py:15(<module>)
        1    0.000    0.000    0.000    0.000 random.py:96(seed)
        1    0.000    0.000    0.000    0.000 bz2.py:32(BZ2File)
        1    0.000    0.000    0.000    0.000 <string>:5(ClosureVars)
        1    0.000    0.000    0.006    0.006 pipes.py:57(<module>)
        1    0.000    0.000    0.000    0.000 <string>:5(TokenInfo)
        1    0.000    0.000    0.000    0.000 core.py:709(_ParseFn)
       52    0.000    0.000    0.000    0.000 inspect.py:73(isclass)
        1    0.000    0.000    0.000    0.000 inspect.py:2183(_signature_from_callable)
       12    0.000    0.000    0.000    0.000 ast.py:166(iter_fields)
        4    0.000    0.000    0.000    0.000 enum.py:760(_missing_)
        2    0.000    0.000    0.000    0.000 __init__.py:43(normalize_encoding)
       22    0.000    0.000    0.000    0.000 {method 'pop' of 'dict' objects}
        1    0.000    0.000    0.000    0.000 {method 'readline' of '_io.BufferedReader' objects}
        1    0.000    0.000    0.000    0.000 platforms.py:50(OperatingSystem)
        1    0.000    0.000    0.000    0.000 text.py:92(TextTypes)
       13    0.000    0.000    0.000    0.000 argparse.py:1291(_registry_get)
        6    0.000    0.000    0.000    0.000 argparse.py:1564(_add_action)
        1    0.000    0.000    0.000    0.000 subprocess.py:60(CalledProcessError)
        1    0.000    0.000    0.000    0.000 value_types.py:15(<module>)
        1    0.000    0.000    0.000    0.000 interact.py:21(<module>)
        1    0.000    0.000    0.000    0.000 argparse.py:159(HelpFormatter)
        1    0.000    0.000    0.000    0.000 <string>:5(usage)
        1    0.000    0.000    0.000    0.000 random.py:71(Random)
        1    0.000    0.000    0.000    0.000 completion.py:289(<dictcomp>)
        1    0.000    0.000    0.000    0.000 inspectutils.py:99(GetFullArgSpec)
        1    0.000    0.000    0.000    0.000 docstrings.py:96(Sections)
        1    0.000    0.000    0.000    0.000 <string>:5(ArgInfo)
        1    0.000    0.000    0.000    0.000 threading.py:757(__init__)
        1    0.000    0.000    0.000    0.000 threading.py:1190(__init__)
        1    0.000    0.000    0.000    0.000 <string>:5(FrameInfo)
        1    0.000    0.000    0.000    0.000 tokenize.py:355(detect_encoding)
        8    0.000    0.000    0.000    0.000 _collections_abc.py:657(get)
        8    0.000    0.000    0.000    0.000 {method 'lstrip' of 'str' objects}
        1    0.000    0.000    0.000    0.000 {method 'find_loader' of 'zipimport.zipimporter' objects}
       32    0.000    0.000    0.000    0.000 {built-in method builtins.chr}
        1    0.000    0.000    0.000    0.000 <string>:1(<module>)
       74    0.000    0.000    0.000    0.000 signal.py:17(<lambda>)
        1    0.000    0.000    0.000    0.000 encoding.py:17(<module>)
        4    0.000    0.000    0.000    0.000 argparse.py:879(__init__)
        6    0.000    0.000    0.000    0.000 argparse.py:1489(_pop_action_class)
        1    0.000    0.000    0.000    0.000 argparse.py:1594(ArgumentParser)
        1    0.000    0.000    0.000    0.000 trace.py:101(AddCalledComponent)
        1    0.000    0.000    0.000    0.000 formatting.py:15(<module>)
        1    0.000    0.000    0.000    0.000 custom_descriptions.py:37(<module>)
        2    0.000    0.000    0.000    0.000 parser.py:57(DefaultParseValue)
        6    0.000    0.000    0.000    0.000 argparse.py:573(_metavar_formatter)
        1    0.000    0.000    0.000    0.000 bisect.py:1(<module>)
        1    0.000    0.000    0.000    0.000 threading.py:215(__init__)
        1    0.000    0.000    0.000    0.000 <string>:5(Traceback)
        1    0.000    0.000    0.000    0.000 pipes.py:82(Template)
        1    0.000    0.000    0.000    0.000 tempfile.py:770(SpooledTemporaryFile)
        1    0.000    0.000    0.000    0.000 <string>:5(Attribute)
        1    0.000    0.000    0.000    0.000 <string>:5(ArgSpec)
        1    0.000    0.000    0.000    0.000 core.py:690(_MakeParseFn)
        1    0.000    0.000    0.000    0.000 core.py:748(_ParseArgs)
        1    0.000    0.000    0.000    0.000 core.py:807(_ParseKeywordArgs)
        1    0.000    0.000    0.000    0.000 inspect.py:2420(Parameter)
        1    0.000    0.000    0.000    0.000 inspect.py:2702(Signature)
        1    0.000    0.000    0.000    0.000 {built-in method _hashlib.openssl_md5}
        2    0.000    0.000    0.000    0.000 gettext.py:521(translation)
       40    0.000    0.000    0.000    0.000 enum.py:630(<lambda>)
        2    0.000    0.000    0.000    0.000 sre_compile.py:393(_generate_overlap_table)
        5    0.000    0.000    0.000    0.000 functools.py:74(wraps)
       26    0.000    0.000    0.000    0.000 {method 'bit_length' of 'int' objects}
        8    0.000    0.000    0.000    0.000 {method 'lower' of 'str' objects}
        2    0.000    0.000    0.000    0.000 {built-in method builtins.print}
        1    0.000    0.000    0.000    0.000 selectors.py:79(BaseSelector)
        1    0.000    0.000    0.000    0.000 console_attr.py:183(ProgressTrackerSymbolsUnicode)
        1    0.000    0.000    0.000    0.000 text.py:24(TextAttributes)
        1    0.000    0.000    0.000    0.000 text.py:83(_TextTypes)
        1    0.000    0.000    0.000    0.000 argparse.py:1929(consume_positionals)
        1    0.000    0.000    0.000    0.000 trace.py:53(__init__)
        2    0.000    0.000    0.000    0.000 trace.py:73(GetLastHealthyElement)
        1    0.000    0.000    0.000    0.000 trace.py:45(FireTrace)
        2    0.000    0.000    0.000    0.000 trace.py:255(__init__)
        1    0.000    0.000    0.000    0.000 six.py:164(_SixMetaPathImporter)
        1    0.000    0.000    0.000    0.000 completion.py:284(GetClassAttrsDict)
        1    0.000    0.000    0.001    0.001 inspectutils.py:147(GetFileAndLine)
        1    0.000    0.000    0.000    0.000 _compression.py:1(<module>)
        1    0.000    0.000    0.000    0.000 threading.py:893(_set_tstate_lock)
        1    0.000    0.000    0.000    0.000 traceback.py:227(FrameSummary)
        1    0.000    0.000    0.000    0.000 traceback.py:316(StackSummary)
       12    0.000    0.000    0.000    0.000 opcode.py:43(name_op)
        1    0.000    0.000    0.002    0.002 linecache.py:6(<module>)
        1    0.000    0.000    0.000    0.000 inspect.py:2392(_ParameterKind)
        1    0.000    0.000    0.000    0.000 {built-in method _hashlib.openssl_sha1}
        1    0.000    0.000    0.000    0.000 {built-in method _hashlib.openssl_sha224}
        2    0.000    0.000    0.000    0.000 os.py:746(decode)
        5    0.000    0.000    0.000    0.000 <frozen importlib._bootstrap_external>:908(__init__)
        3    0.000    0.000    0.000    0.000 <frozen importlib._bootstrap_external>:99(_path_isdir)
        4    0.000    0.000    0.000    0.000 {method 'setter' of 'property' objects}
        8    0.000    0.000    0.000    0.000 {method 'mro' of 'type' objects}
       12    0.000    0.000    0.000    0.000 {built-in method _imp.exec_builtin}
        1    0.000    0.000    0.000    0.000 console_attr.py:572(Colorizer)
        2    0.000    0.000    0.000    0.000 argparse.py:844(__init__)
        1    0.000    0.000    0.000    0.000 argparse.py:877(_StoreConstAction)
        2    0.000    0.000    0.000    0.000 argparse.py:1363(add_argument_group)
        3    0.000    0.000    0.000    0.000 argparse.py:1493(_get_handler)
        6    0.000    0.000    0.000    0.000 argparse.py:1502(_check_conflict)
        1    0.000    0.000    0.000    0.000 argparse.py:1233(_ActionsContainer)
        6    0.000    0.000    0.000    0.000 argparse.py:1722(_add_action)
        1    0.000    0.000    0.000    0.000 six.py:475(Module_six_moves_urllib)
        1    0.000    0.000    0.000    0.000 parser.py:117(_Replacement)
        6    0.000    0.000    0.000    0.000 argparse.py:582(format)
        1    0.000    0.000    0.000    0.000 lzma.py:38(LZMAFile)
        1    0.000    0.000    0.000    0.000 inspectutils.py:30(__init__)
        1    0.000    0.000    0.000    0.000 threading.py:357(notify_all)
        1    0.000    0.000    0.000    0.000 threading.py:566(Barrier)
        1    0.000    0.000    0.000    0.000 decoder.py:253(JSONDecoder)
        1    0.000    0.000    0.000    0.000 encoder.py:73(JSONEncoder)
        7    0.000    0.000    0.000    0.000 opcode.py:47(jrel_op)
        1    0.000    0.000    0.000    0.000 linecache.py:37(getlines)
        2    0.000    0.000    0.000    0.000 core.py:925(_IsFlag)
        2    0.000    0.000    0.000    0.000 core.py:938(_IsSingleCharFlag)
        2    0.000    0.000    0.000    0.000 core.py:948(_ParseValue)
        2    0.000    0.000    0.000    0.000 inspect.py:2452(__init__)
        2    0.000    0.000    0.000    0.000 ast.py:30(parse)
        5    0.000    0.000    0.000    0.000 ast.py:178(iter_child_nodes)
        1    0.000    0.000    0.041    0.041 __init__.py:15(<module>)
        2    0.000    0.000    0.000    0.000 gettext.py:626(gettext)
        4    0.000    0.000    0.000    0.000 re.py:169(match)
        3    0.000    0.000    0.000    0.000 enum.py:337(__members__)
        5    0.000    0.000    0.000    0.000 enum.py:581(__hash__)
       11    0.000    0.000    0.000    0.000 enum.py:868(<lambda>)
        2    0.000    0.000    0.000    0.000 posixpath.py:144(basename)
        2    0.000    0.000    0.000    0.000 codecs.py:318(decode)
        1    0.000    0.000    0.000    0.000 <frozen importlib._bootstrap_external>:1102(_legacy_get_spec)
       12    0.000    0.000    0.000    0.000 {method 'find' of 'str' objects}
        2    0.000    0.000    0.000    0.000 {method 'rfind' of 'str' objects}
       10    0.000    0.000    0.000    0.000 {method 'isalnum' of 'str' objects}
        1    0.000    0.000    0.000    0.000 {method 'seek' of '_io.BufferedReader' objects}
        2    0.000    0.000    0.000    0.000 {built-in method math.log}
        2    0.000    0.000    0.000    0.000 {built-in method _codecs.utf_8_decode}
        3    0.000    0.000    0.000    0.000 {built-in method builtins.vars}
        1    0.000    0.000    0.000    0.000 console_pager.py:28(Pager)
        5    0.000    0.000    0.000    0.000 platforms.py:57(__init__)
        1    0.000    0.000    0.000    0.000 platforms.py:53(_OS)
        1    0.000    0.000    0.000    0.000 platforms.py:167(_ARCH)
        1    0.000    0.000    0.000    0.000 platforms.py:273(Platform)
        1    0.000    0.000    0.000    0.000 platforms.py:378(PythonVersion)
        1    0.000    0.000    0.000    0.000 selectors.py:205(_BaseSelectorImpl)
        1    0.000    0.000    0.000    0.000 selectors.py:290(SelectSelector)
        1    0.000    0.000    0.000    0.000 console_attr.py:115(BoxLineCharactersUnicode)
        2    0.000    0.000    0.000    0.000 text.py:56(__init__)
        4    0.000    0.000    0.000    0.000 argparse.py:902(__init__)
        1    0.000    0.000    0.000    0.000 argparse.py:2080(_match_arguments_partial)
        1    0.000    0.000    0.000    0.000 six.py:91(__get__)
        1    0.000    0.000    0.000    0.000 helptext.py:601(ActionGroup)
        6    0.000    0.000    0.000    0.000 argparse.py:211(__init__)
        1    0.000    0.000    0.000    0.000 docstrings.py:104(Formats)
        1    0.000    0.000    0.000    0.000 _compression.py:33(DecompressReader)
        1    0.000    0.000    0.000    0.000 threading.py:334(notify)
        1    0.000    0.000    0.000    0.000 threading.py:369(Semaphore)
        1    0.000    0.000    0.000    0.000 traceback.py:438(TracebackException)
        1    0.000    0.000    0.000    0.000 decoder.py:20(JSONDecodeError)
        1    0.000    0.000    0.000    0.000 encoder.py:104(__init__)
        1    0.000    0.000    0.000    0.000 tempfile.py:557(_TemporaryFileCloser)
        1    0.000    0.000    0.000    0.000 tempfile.py:600(_TemporaryFileWrapper)
        6    0.000    0.000    0.000    0.000 opcode.py:51(jabs_op)
        1    0.000    0.000    0.000    0.000 tokenize.py:379(read_or_stop)
        1    0.000    0.000    0.000    0.000 tokenize.py:385(find_cookie)
        1    0.000    0.000    0.000    0.000 <string>:12(__new__)
        2    0.000    0.000    0.000    0.000 core.py:338(_OneLineResult)
        2    0.000    0.000    0.000    0.000 core.py:943(_IsMultiCharFlag)
        3    0.000    0.000    0.000    0.000 inspect.py:253(iscode)
        6    0.000    0.000    0.000    0.000 inspect.py:687(<genexpr>)
        8    0.000    0.000    0.000    0.000 inspect.py:690(<genexpr>)
        4    0.000    0.000    0.000    0.000 inspect.py:2502(name)
        1    0.000    0.000    0.000    0.000 inspect.py:2572(BoundArguments)
        1    0.000    0.000    0.000    0.000 {built-in method _hashlib.openssl_sha384}
        9    0.000    0.000    0.000    0.000 __future__.py:79(__init__)
        2    0.000    0.000    0.000    0.000 gettext.py:587(dgettext)
        1    0.000    0.000    0.000    0.000 functools.py:479(decorating_function)
        1    0.000    0.000    0.000    0.000 functools.py:448(lru_cache)
        1    0.000    0.000    0.000    0.000 codecs.py:308(__init__)
        1    0.000    0.000    0.000    0.000 _weakrefset.py:81(add)
       12    0.000    0.000    0.000    0.000 <frozen importlib._bootstrap>:753(is_package)
        1    0.000    0.000    0.000    0.000 {method 'values' of 'mappingproxy' objects}
        1    0.000    0.000    0.000    0.000 {method 'union' of 'set' objects}
        3    0.000    0.000    0.000    0.000 {method 'decode' of 'bytes' objects}
        1    0.000    0.000    0.000    0.000 {method 'startswith' of 'bytes' objects}
       36    0.000    0.000    0.000    0.000 {method 'upper' of 'str' objects}
        2    0.000    0.000    0.000    0.000 {method 'acquire' of '_thread.lock' objects}
        3    0.000    0.000    0.000    0.000 {method 'extend' of 'collections.deque' objects}
        5    0.000    0.000    0.000    0.000 {built-in method _imp.exec_dynamic}
       16    0.000    0.000    0.000    0.000 {built-in method builtins.callable}
        1    0.000    0.000    0.000    0.000 {built-in method builtins.delattr}
       20    0.000    0.000    0.000    0.000 {built-in method builtins.globals}
        5    0.000    0.000    0.000    0.000 {built-in method builtins.hash}
        1    0.000    0.000    0.000    0.000 platforms.py:28(Error)
        1    0.000    0.000    0.000    0.000 platforms.py:33(InvalidEnumValue)
        1    0.000    0.000    0.000    0.000 selectors.py:59(_SelectorMapping)
        1    0.000    0.000    0.000    0.000 selectors.py:343(PollSelector)
        1    0.000    0.000    0.000    0.000 selectors.py:394(EpollSelector)
        1    0.000    0.000    0.000    0.000 console_attr.py:107(BoxLineCharacters)
        1    0.000    0.000    0.000    0.000 console_attr.py:141(BoxLineCharactersAscii)
        1    0.000    0.000    0.000    0.000 console_attr.py:167(BoxLineCharactersScreenReader)
        1    0.000    0.000    0.000    0.000 console_attr.py:179(ProgressTrackerSymbols)
        1    0.000    0.000    0.000    0.000 console_attr.py:197(ProgressTrackerSymbolsAscii)
        1    0.000    0.000    0.000    0.000 text.py:53(TypedText)
        1    0.000    0.000    0.000    0.000 argparse.py:650(RawDescriptionHelpFormatter)
        1    0.000    0.000    0.000    0.000 argparse.py:689(MetavarTypeHelpFormatter)
        1    0.000    0.000    0.000    0.000 argparse.py:722(ArgumentError)
        1    0.000    0.000    0.000    0.000 argparse.py:751(Action)
        1    0.000    0.000    0.000    0.000 argparse.py:842(_StoreAction)
        1    0.000    0.000    0.000    0.000 argparse.py:971(_AppendConstAction)
        1    0.000    0.000    0.000    0.000 argparse.py:997(_CountAction)
        1    0.000    0.000    0.000    0.000 argparse.py:1063(_SubParsersAction)
        1    0.000    0.000    0.000    0.000 argparse.py:1159(FileType)
        1    0.000    0.000    0.000    0.000 argparse.py:1220(__init__)
        1    0.000    0.000    0.000    0.000 argparse.py:1213(Namespace)
        1    0.000    0.000    0.000    0.000 argparse.py:1574(_MutuallyExclusiveGroup)
        1    0.000    0.000    0.000    0.000 argparse.py:1735(<listcomp>)
        1    0.000    0.000    0.000    0.000 argparse.py:1734(_get_positional_actions)
        1    0.000    0.000    0.000    0.000 argparse.py:2295(_get_value)
        2    0.000    0.000    0.000    0.000 trace.py:67(GetResult)
        1    0.000    0.000    0.000    0.000 trace.py:86(HasError)
        3    0.000    0.000    0.000    0.000 trace.py:286(HasError)
        1    0.000    0.000    0.000    0.000 trace.py:248(FireTraceElement)
        1    0.000    0.000    0.000    0.000 subprocess.py:57(SubprocessError)
        1    0.000    0.000    0.000    0.000 subprocess.py:97(TimeoutExpired)
        1    0.000    0.000    0.000    0.000 subprocess.py:359(CompletedProcess)
        8    0.000    0.000    0.000    0.000 six.py:75(_add_doc)
        1    0.000    0.000    0.000    0.000 six.py:80(_import_module)
        1    0.000    0.000    0.000    0.000 six.py:86(_LazyDescr)
        1    0.000    0.000    0.000    0.000 six.py:114(_resolve)
        1    0.000    0.000    0.000    0.000 six.py:103(MovedModule)
        1    0.000    0.000    0.000    0.000 six.py:124(_LazyModule)
        1    0.000    0.000    0.000    0.000 six.py:173(__init__)
        5    0.000    0.000    0.000    0.000 six.py:181(_get_module)
        1    0.000    0.000    0.000    0.000 six.py:229(_MovedItems)
        1    0.000    0.000    0.000    0.000 six.py:384(Module_six_moves_urllib_request)
        1    0.000    0.000    0.000    0.000 six.py:457(Module_six_moves_urllib_robotparser)
        1    0.000    0.000    0.000    0.000 decorators.py:87(GetMetadata)
        4    0.000    0.000    0.000    0.000 argparse.py:604(<listcomp>)
        1    0.000    0.000    0.000    0.000 random.py:668(SystemRandom)
        1    0.000    0.000    0.000    0.000 shlex.py:19(shlex)
        1    0.000    0.000    0.000    0.000 inspectutils.py:27(FullArgSpec)
        1    0.000    0.000    0.000    0.000 docstrings.py:64(DocstringInfo)
        1    0.000    0.000    0.000    0.000 docstrings.py:72(ArgInfo)
        1    0.000    0.000    0.000    0.000 docstrings.py:80(Namespace)
        1    0.000    0.000    0.000    0.000 _compression.py:9(BaseStream)
        1    0.000    0.000    0.000    0.000 threading.py:87(_RLock)
        1    0.000    0.000    0.000    0.000 threading.py:239(__enter__)
        1    0.000    0.000    0.000    0.000 threading.py:242(__exit__)
        1    0.000    0.000    0.000    0.000 threading.py:254(_is_owned)
        1    0.000    0.000    0.000    0.000 threading.py:449(BoundedSemaphore)
        1    0.000    0.000    0.000    0.000 threading.py:498(__init__)
        1    0.000    0.000    0.000    0.000 threading.py:487(Event)
        1    0.000    0.000    0.000    0.000 threading.py:1207(_DummyThread)
        1    0.000    0.000    0.000    0.000 tempfile.py:918(TemporaryDirectory)
        1    0.000    0.000    0.000    0.000 shutil.py:55(Error)
        1    0.000    0.000    0.000    0.000 shutil.py:65(ExecError)
        1    0.000    0.000    0.000    0.000 shutil.py:68(ReadError)
        1    0.000    0.000    0.000    0.000 dis.py:416(Bytecode)
        1    0.000    0.000    0.000    0.000 linecache.py:53(checkcache)
        1    0.000    0.000    0.000    0.000 tokenize.py:99(TokenInfo)
        1    0.000    0.000    0.000    0.000 tokenize.py:217(TokenError)
        1    0.000    0.000    0.000    0.000 tokenize.py:222(Untokenizer)
        1    0.000    0.000    0.000    0.000 __future__.py:78(_Feature)
        1    0.000    0.000    0.000    0.000 core.py:187(FireExit)
        2    0.000    0.000    0.000    0.000 core.py:208(_IsHelpShortcut)
        4    0.000    0.000    0.000    0.000 inspect.py:64(ismodule)
        3    0.000    0.000    0.000    0.000 inspect.py:229(istraceback)
        1    0.000    0.000    0.000    0.000 inspect.py:392(<listcomp>)
        1    0.000    0.000    0.000    0.000 inspect.py:714(getmodule)
        1    0.000    0.000    0.000    0.000 inspect.py:880(BlockFinder)
        3    0.000    0.000    0.000    0.000 inspect.py:2781(<genexpr>)
        1    0.000    0.000    0.000    0.000 ast.py:51(_convert)
        1    0.000    0.000    0.000    0.000 ast.py:40(literal_eval)
        1    0.000    0.000    0.000    0.000 {built-in method _hashlib.openssl_sha512}
        4    0.000    0.000    0.000    0.000 enum.py:599(value)
        4    0.000    0.000    0.000    0.000 sre_parse.py:161(__delitem__)
        1    0.000    0.000    0.000    0.000 {method 'disable' of '_lsprof.Profiler' objects}
        1    0.000    0.000    0.000    0.000 codecs.py:259(__init__)
        4    0.000    0.000    0.000    0.000 abc.py:9(abstractmethod)
        3    0.000    0.000    0.000    0.000 {method 'keys' of 'dict' objects}
        1    0.000    0.000    0.000    0.000 {method 'values' of 'dict' objects}
        4    0.000    0.000    0.000    0.000 {method 'reverse' of 'list' objects}
        2    0.000    0.000    0.000    0.000 {method 'index' of 'str' objects}
        1    0.000    0.000    0.000    0.000 {built-in method math.sqrt}
        1    0.000    0.000    0.000    0.000 {built-in method _thread._set_sentinel}
        1    0.000    0.000    0.000    0.000 {method '__enter__' of '_thread.lock' objects}
        1    0.000    0.000    0.000    0.000 {method '__exit__' of '_thread.lock' objects}
        3    0.000    0.000    0.000    0.000 {method 'popleft' of 'collections.deque' objects}
        1    0.000    0.000    0.000    0.000 {built-in method builtins.iter}
        4    0.000    0.000    0.000    0.000 platforms.py:171(__init__)
        1    0.000    0.000    0.000    0.000 argparse.py:661(RawTextHelpFormatter)
        1    0.000    0.000    0.000    0.000 argparse.py:672(ArgumentDefaultsHelpFormatter)
        1    0.000    0.000    0.000    0.000 argparse.py:742(ArgumentTypeError)
        1    0.000    0.000    0.000    0.000 argparse.py:900(_StoreTrueAction)
        1    0.000    0.000    0.000    0.000 argparse.py:917(_StoreFalseAction)
        1    0.000    0.000    0.000    0.000 argparse.py:934(_AppendAction)
        1    0.000    0.000    0.000    0.000 argparse.py:1018(_HelpAction)
        1    0.000    0.000    0.000    0.000 argparse.py:1037(_VersionAction)
        1    0.000    0.000    0.000    0.000 argparse.py:1065(_ChoicesPseudoAction)
        1    0.000    0.000    0.000    0.000 argparse.py:1540(_ArgumentGroup)
        1    0.000    0.000    0.000    0.000 argparse.py:1651(identity)
        1    0.000    0.000    0.000    0.000 __init__.py:1(<module>)
        1    0.000    0.000    0.000    0.000 six.py:139(MovedAttribute)
        1    0.000    0.000    0.000    0.000 six.py:322(Module_six_moves_urllib_parse)
        1    0.000    0.000    0.000    0.000 six.py:364(Module_six_moves_urllib_error)
        1    0.000    0.000    0.000    0.000 six.py:436(Module_six_moves_urllib_response)
        1    0.000    0.000    0.000    0.000 parser.py:37(SeparateFlagArgs)
        1    0.000    0.000    0.000    0.000 argparse.py:118(_AttributeHolder)
        1    0.000    0.000    0.000    0.000 argparse.py:209(_Section)
        1    0.000    0.000    0.000    0.000 random.py:87(__init__)
        1    0.000    0.000    0.000    0.000 inspectutils.py:52(_GetArgSpecInfo)
        2    0.000    0.000    0.000    0.000 inspectutils.py:247(IsNamedTuple)
        1    0.000    0.000    0.000    0.000 threading.py:720(BrokenBarrierError)
        1    0.000    0.000    0.000    0.000 threading.py:890(_set_ident)
        1    0.000    0.000    0.000    0.000 threading.py:1158(Timer)
        1    0.000    0.000    0.000    0.000 threading.py:1188(_MainThread)
        1    0.000    0.000    0.000    0.000 shutil.py:58(SameFileError)
        1    0.000    0.000    0.000    0.000 shutil.py:61(SpecialFileError)
        1    0.000    0.000    0.000    0.000 shutil.py:71(RegistryError)
        1    0.000    0.000    0.000    0.000 tokenize.py:113(any)
        2    0.000    0.000    0.000    0.000 tokenize.py:114(maybe)
        1    0.000    0.000    0.000    0.000 tokenize.py:219(StopTokenizing)
        1    0.000    0.000    0.000    0.000 core.py:179(FireError)
        3    0.000    0.000    0.000    0.000 inspect.py:239(isframe)
        2    0.000    0.000    0.000    0.000 inspect.py:479(getmro)
        1    0.000    0.000    0.000    0.000 inspect.py:878(EndOfBlock)
        1    0.000    0.000    0.000    0.000 inspect.py:2384(_void)
        1    0.000    0.000    0.000    0.000 inspect.py:2388(_empty)
        2    0.000    0.000    0.000    0.000 inspect.py:2506(default)
        2    0.000    0.000    0.000    0.000 inspect.py:2510(annotation)
        2    0.000    0.000    0.000    0.000 inspect.py:2514(kind)
        1    0.000    0.000    0.000    0.000 inspect.py:2817(parameters)
        1    0.000    0.000    0.000    0.000 inspect.py:2821(return_annotation)
        1    0.000    0.000    0.000    0.000 ast.py:229(NodeVisitor)
        1    0.000    0.000    0.000    0.000 ast.py:266(NodeTransformer)
        1    0.000    0.000    0.000    0.000 dis.py:178(Instruction)


